{
  "RSpec": {
    "coverage": {
      "C:/Users/yuji1/programing/learning/rails/rails-requirementsbase-817/app/jobs/comment_notification_job.rb": {
        "lines": [
          1,
          1,
          null,
          1,
          null,
          1,
          0,
          null,
          0,
          null,
          0,
          0,
          null,
          null
        ]
      },
      "C:/Users/yuji1/programing/learning/rails/rails-requirementsbase-817/app/jobs/application_job.rb": {
        "lines": [
          1,
          null,
          null,
          null,
          null,
          null,
          null
        ]
      },
      "C:/Users/yuji1/programing/learning/rails/rails-requirementsbase-817/app/models/book.rb": {
        "lines": [
          1,
          1,
          1,
          1,
          1,
          1,
          1,
          1,
          1,
          1,
          null,
          null,
          null,
          null,
          null,
          null,
          1,
          0,
          null,
          null,
          0,
          0,
          null,
          null,
          null,
          null,
          null,
          null,
          null,
          1,
          0,
          null,
          1,
          0,
          0,
          0,
          0,
          null,
          null,
          null,
          1,
          0,
          null,
          null,
          null,
          null
        ]
      },
      "C:/Users/yuji1/programing/learning/rails/rails-requirementsbase-817/app/models/application_record.rb": {
        "lines": [
          1,
          1,
          null
        ]
      },
      "C:/Users/yuji1/programing/learning/rails/rails-requirementsbase-817/app/models/comment.rb": {
        "lines": [
          1,
          1,
          null,
          1,
          1,
          1,
          1,
          null,
          1,
          1,
          1,
          null,
          null,
          null,
          1,
          null,
          1,
          1,
          1,
          1,
          1,
          null,
          1,
          0,
          null,
          0,
          0,
          null,
          null,
          null,
          1,
          0,
          0,
          null,
          0,
          null,
          0,
          0,
          null,
          0,
          0,
          0,
          0,
          0,
          null,
          null,
          0,
          0,
          null,
          0,
          null,
          0,
          0,
          0,
          0,
          0,
          0,
          null,
          null,
          null,
          1,
          0,
          null,
          null,
          1,
          2,
          null,
          null,
          1,
          0,
          null,
          0,
          null,
          0,
          null,
          0,
          null,
          0,
          null,
          null,
          null,
          1,
          null,
          1,
          31,
          null,
          null,
          1,
          39,
          0,
          null,
          null
        ]
      },
      "C:/Users/yuji1/programing/learning/rails/rails-requirementsbase-817/app/models/like.rb": {
        "lines": [
          1,
          1,
          1,
          1,
          null
        ]
      },
      "C:/Users/yuji1/programing/learning/rails/rails-requirementsbase-817/app/models/notification.rb": {
        "lines": [
          1,
          1,
          1,
          1,
          null,
          1,
          1,
          null,
          1,
          null,
          null,
          null,
          null,
          null,
          13,
          1,
          4,
          null,
          6,
          1,
          8,
          8,
          8,
          8,
          null,
          null,
          1,
          2,
          2,
          null,
          null,
          2,
          2,
          null,
          null,
          null,
          null,
          null,
          null,
          null,
          null,
          0,
          0,
          null,
          null
        ]
      },
      "C:/Users/yuji1/programing/learning/rails/rails-requirementsbase-817/app/models/user.rb": {
        "lines": [
          1,
          1,
          1,
          1,
          1,
          1,
          1,
          null,
          1,
          1,
          1,
          1,
          1,
          1,
          null,
          null,
          null,
          null,
          88,
          88,
          null,
          85,
          null,
          1,
          0,
          null,
          0,
          null,
          0,
          null,
          null,
          null,
          null,
          null,
          1,
          0,
          0,
          null,
          0,
          null,
          null,
          null,
          null,
          null,
          1,
          16,
          null,
          0,
          null,
          0,
          0,
          null,
          null,
          1,
          0,
          null,
          null
        ]
      },
      "C:/Users/yuji1/programing/learning/rails/rails-requirementsbase-817/app/controllers/api/sessions_controller.rb": {
        "lines": [
          1,
          1,
          3,
          3,
          1,
          1,
          null,
          2,
          null,
          null,
          null,
          1,
          1,
          null,
          null,
          1,
          null,
          1,
          null,
          1,
          null,
          null,
          null,
          null,
          null
        ]
      },
      "C:/Users/yuji1/programing/learning/rails/rails-requirementsbase-817/app/controllers/application_controller.rb": {
        "lines": [
          1,
          1,
          null,
          null,
          1,
          23,
          null,
          null,
          1,
          8,
          null,
          null,
          1,
          null,
          8,
          null,
          null,
          null,
          null,
          null,
          null
        ]
      },
      "C:/Users/yuji1/programing/learning/rails/rails-requirementsbase-817/app/controllers/concerns/jwt_concern.rb": {
        "lines": [
          1,
          1,
          null,
          1,
          null,
          1,
          2,
          2,
          null,
          null,
          1,
          25,
          24,
          null,
          1,
          1,
          1,
          null,
          null,
          1,
          32,
          32,
          32,
          32,
          null,
          25,
          null,
          0,
          0,
          null,
          null,
          1,
          65,
          null,
          null,
          1,
          32,
          32,
          null,
          null,
          1,
          25,
          25,
          25,
          25,
          25,
          null,
          null,
          1,
          8,
          null,
          null,
          null,
          null,
          null
        ]
      },
      "C:/Users/yuji1/programing/learning/rails/rails-requirementsbase-817/app/models/tag.rb": {
        "lines": [
          1,
          1,
          1,
          1,
          null,
          1,
          1,
          null,
          null,
          1,
          null,
          null,
          null,
          null,
          null,
          null,
          null,
          null,
          null,
          null,
          null,
          null,
          1,
          null,
          null,
          null,
          null,
          null,
          null,
          null,
          null,
          null,
          1,
          1,
          1,
          0,
          null,
          1,
          0,
          null,
          null,
          null,
          null,
          null,
          1,
          3,
          null,
          1,
          null,
          null,
          null,
          null,
          1,
          7,
          null,
          null,
          1,
          0,
          null,
          null,
          1,
          0,
          null,
          null,
          1,
          0,
          null,
          null,
          null,
          null
        ]
      },
      "C:/Users/yuji1/programing/learning/rails/rails-requirementsbase-817/app/controllers/api/tags_controller.rb": {
        "lines": [
          1,
          1,
          1,
          null,
          null,
          1,
          3,
          null,
          3,
          null,
          null,
          null,
          null,
          null,
          null,
          null,
          null,
          null,
          null,
          null,
          1,
          0,
          null,
          null,
          null,
          null,
          null,
          null,
          null,
          null,
          1,
          null,
          1,
          0,
          null,
          0,
          null,
          null
        ]
      },
      "C:/Users/yuji1/programing/learning/rails/rails-requirementsbase-817/app/serializers/tag_serializer.rb": {
        "lines": [
          1,
          1,
          null,
          1,
          7,
          null,
          null
        ]
      },
      "C:/Users/yuji1/programing/learning/rails/rails-requirementsbase-817/app/controllers/api/comments_controller.rb": {
        "lines": [
          1,
          1,
          1,
          1,
          1,
          null,
          1,
          0,
          null,
          null,
          null,
          null,
          null,
          0,
          null,
          null,
          null,
          null,
          null,
          0,
          null,
          null,
          null,
          0,
          null,
          null,
          null,
          null,
          0,
          null,
          null,
          null,
          null,
          null,
          null,
          null,
          null,
          null,
          null,
          1,
          6,
          null,
          6,
          6,
          null,
          3,
          0,
          0,
          0,
          null,
          null,
          null,
          3,
          null,
          null,
          null,
          null,
          null,
          3,
          null,
          null,
          null,
          null,
          null,
          1,
          0,
          0,
          0,
          0,
          null,
          null,
          0,
          null,
          null,
          null,
          null,
          0,
          null,
          null,
          null,
          null,
          null,
          null,
          null,
          null,
          1,
          0,
          0,
          null,
          0,
          null,
          null,
          1,
          null,
          1,
          6,
          null,
          0,
          null,
          null,
          1,
          0,
          0,
          null,
          0,
          null,
          null,
          1,
          0,
          null,
          0,
          null,
          null,
          1,
          6,
          null,
          null
        ]
      },
      "C:/Users/yuji1/programing/learning/rails/rails-requirementsbase-817/app/models/comment_tag.rb": {
        "lines": [
          1,
          1,
          1,
          null,
          1,
          null
        ]
      },
      "C:/Users/yuji1/programing/learning/rails/rails-requirementsbase-817/app/serializers/comment_serializer.rb": {
        "lines": [
          1,
          1,
          null,
          1,
          1,
          null
        ]
      },
      "C:/Users/yuji1/programing/learning/rails/rails-requirementsbase-817/app/serializers/comment_user_serializer.rb": {
        "lines": [
          1,
          1,
          null
        ]
      },
      "C:/Users/yuji1/programing/learning/rails/rails-requirementsbase-817/app/controllers/api/users_controller.rb": {
        "lines": [
          1,
          1,
          null,
          1,
          1,
          null,
          null,
          null,
          null,
          null,
          1,
          3,
          3,
          1,
          1,
          null,
          2,
          null,
          null,
          null,
          1,
          0,
          0,
          null,
          null,
          null,
          null,
          0,
          null,
          null,
          null,
          null,
          null,
          null,
          null,
          1,
          null,
          1,
          3,
          null,
          null,
          1,
          0,
          null,
          null
        ]
      },
      "C:/Users/yuji1/programing/learning/rails/rails-requirementsbase-817/app/serializers/user_serializer.rb": {
        "lines": [
          1,
          1,
          null,
          1,
          null,
          1,
          null
        ]
      },
      "C:/Users/yuji1/programing/learning/rails/rails-requirementsbase-817/app/serializers/book_serializer.rb": {
        "lines": [
          1,
          1,
          null,
          1,
          1,
          null
        ]
      },
      "C:/Users/yuji1/programing/learning/rails/rails-requirementsbase-817/app/controllers/api/notifications_controller.rb": {
        "lines": [
          1,
          1,
          1,
          null,
          1,
          5,
          null,
          null,
          5,
          null,
          5,
          null,
          null,
          null,
          null,
          null,
          null,
          null,
          null,
          null,
          null,
          null,
          1,
          2,
          null,
          null,
          null,
          null,
          null,
          1,
          3,
          3,
          null,
          null,
          null,
          null,
          null,
          1,
          3,
          null,
          null,
          null,
          null,
          3,
          null,
          null,
          null,
          null,
          null,
          1,
          null,
          1,
          6,
          null,
          1,
          null,
          null
        ]
      },
      "C:/Users/yuji1/programing/learning/rails/rails-requirementsbase-817/app/serializers/notification_serializer.rb": {
        "lines": [
          1,
          1,
          null,
          null,
          1,
          null,
          null,
          1,
          14,
          null,
          14,
          null,
          14,
          null,
          null,
          null,
          null,
          null,
          null,
          null,
          0,
          null,
          null,
          null,
          null,
          null,
          1,
          null,
          1,
          14,
          null,
          null
        ]
      },
      "C:/Users/yuji1/programing/learning/rails/rails-requirementsbase-817/app/serializers/notification_actor_serializer.rb": {
        "lines": [
          1,
          1,
          null,
          1,
          14,
          null,
          null
        ]
      },
      "C:/Users/yuji1/programing/learning/rails/rails-requirementsbase-817/app/channels/application_cable/channel.rb": {
        "lines": [
          0,
          0,
          0,
          0
        ],
        "branches": {}
      },
      "C:/Users/yuji1/programing/learning/rails/rails-requirementsbase-817/app/channels/application_cable/connection.rb": {
        "lines": [
          0,
          0,
          0,
          0
        ],
        "branches": {}
      },
      "C:/Users/yuji1/programing/learning/rails/rails-requirementsbase-817/app/controllers/api/books_controller.rb": {
        "lines": [
          0,
          0,
          0,
          0,
          0,
          0,
          0,
          0,
          0,
          0,
          null,
          0,
          0,
          0,
          0,
          0,
          0,
          null,
          0,
          0,
          0,
          0,
          0,
          0,
          0,
          0,
          null,
          0,
          0,
          0,
          0,
          0,
          0,
          0,
          0,
          0,
          0,
          null,
          0,
          0,
          0,
          0,
          0,
          0,
          0,
          null,
          0,
          null,
          0,
          0,
          0,
          null,
          0,
          0,
          0,
          0,
          0,
          0,
          0,
          0,
          0,
          0,
          0
        ],
        "branches": {}
      },
      "C:/Users/yuji1/programing/learning/rails/rails-requirementsbase-817/app/controllers/api/likes_controller.rb": {
        "lines": [
          0,
          0,
          0,
          0,
          null,
          0,
          0,
          0,
          0,
          0,
          0,
          0,
          0,
          0,
          0,
          0,
          0,
          null,
          0,
          0,
          0,
          0,
          0,
          0,
          0,
          0,
          0,
          0,
          0,
          0,
          0,
          0,
          0,
          null,
          0,
          0,
          0,
          0,
          0,
          0,
          0,
          0,
          0,
          0,
          0,
          0
        ],
        "branches": {}
      },
      "C:/Users/yuji1/programing/learning/rails/rails-requirementsbase-817/app/controllers/hello_controller.rb": {
        "lines": [
          0,
          0
        ],
        "branches": {}
      },
      "C:/Users/yuji1/programing/learning/rails/rails-requirementsbase-817/app/helpers/application_helper.rb": {
        "lines": [
          0,
          0
        ],
        "branches": {}
      },
      "C:/Users/yuji1/programing/learning/rails/rails-requirementsbase-817/app/serializers/book_with_tag_serializer.rb": {
        "lines": [
          0,
          0,
          null,
          0,
          null,
          0,
          0,
          0,
          0,
          0,
          0,
          null,
          0,
          0,
          0,
          0,
          0,
          0
        ],
        "branches": {}
      },
      "C:/Users/yuji1/programing/learning/rails/rails-requirementsbase-817/app/serializers/comment_with_tag_serializer.rb": {
        "lines": [
          0,
          0,
          null,
          0,
          0,
          0
        ],
        "branches": {}
      },
      "C:/Users/yuji1/programing/learning/rails/rails-requirementsbase-817/app/serializers/like_serializer.rb": {
        "lines": [
          null,
          0,
          0,
          null,
          0,
          0
        ],
        "branches": {}
      },
      "C:/Users/yuji1/programing/learning/rails/rails-requirementsbase-817/app/serializers/popular_tag_serializer.rb": {
        "lines": [
          0,
          0,
          null,
          0,
          0,
          0,
          null,
          0,
          0,
          0,
          0
        ],
        "branches": {}
      }
    },
    "timestamp": 1757211902
  }
}
